update-alternatives 2018-01-03 22:28:47: run with --set x86_64-linux-gnu_gl_conf /usr/lib/nvidia-384/ld.so.conf
update-alternatives 2018-01-03 22:28:47: link group x86_64-linux-gnu_gl_conf updated to point to /usr/lib/nvidia-384/ld.so.conf
update-alternatives 2018-01-03 22:28:47: run with --set x86_64-linux-gnu_egl_conf /usr/lib/nvidia-384/ld.so.conf
update-alternatives 2018-01-03 22:28:47: link group x86_64-linux-gnu_egl_conf updated to point to /usr/lib/nvidia-384/ld.so.conf
update-alternatives 2018-01-03 22:28:47: run with --set i386-linux-gnu_gl_conf /usr/lib/nvidia-384/alt_ld.so.conf
update-alternatives 2018-01-03 22:28:47: link group i386-linux-gnu_gl_conf updated to point to /usr/lib/nvidia-384/alt_ld.so.conf
update-alternatives 2018-01-03 22:28:47: run with --set i386-linux-gnu_egl_conf /usr/lib/nvidia-384/alt_ld.so.conf
update-alternatives 2018-01-03 22:28:47: link group i386-linux-gnu_egl_conf updated to point to /usr/lib/nvidia-384/alt_ld.so.conf
update-alternatives 2018-01-03 22:34:05: run with --set x86_64-linux-gnu_gl_conf /usr/lib/nvidia-384-prime/ld.so.conf
update-alternatives 2018-01-03 22:34:05: link group x86_64-linux-gnu_gl_conf updated to point to /usr/lib/nvidia-384-prime/ld.so.conf
update-alternatives 2018-01-03 22:34:05: run with --set x86_64-linux-gnu_egl_conf /usr/lib/nvidia-384-prime/ld.so.conf
update-alternatives 2018-01-03 22:34:05: link group x86_64-linux-gnu_egl_conf updated to point to /usr/lib/nvidia-384-prime/ld.so.conf
update-alternatives 2018-01-03 22:34:06: run with --set i386-linux-gnu_gl_conf /usr/lib/nvidia-384-prime/alt_ld.so.conf
update-alternatives 2018-01-03 22:34:06: link group i386-linux-gnu_gl_conf updated to point to /usr/lib/nvidia-384-prime/alt_ld.so.conf
update-alternatives 2018-01-03 22:34:06: run with --set i386-linux-gnu_egl_conf /usr/lib/nvidia-384-prime/alt_ld.so.conf
update-alternatives 2018-01-03 22:34:06: link group i386-linux-gnu_egl_conf updated to point to /usr/lib/nvidia-384-prime/alt_ld.so.conf
update-alternatives 2018-01-08 00:47:39: run with --remove php /usr/bin/hhvm
update-alternatives 2018-01-08 00:47:39: run with --remove php /usr/bin/hhvm
update-alternatives 2018-01-08 00:47:45: run with --install /usr/bin/x-www-browser x-www-browser /usr/bin/google-chrome-stable 200
update-alternatives 2018-01-08 00:47:45: run with --install /usr/bin/gnome-www-browser gnome-www-browser /usr/bin/google-chrome-stable 200
update-alternatives 2018-01-08 00:47:45: run with --install /usr/bin/google-chrome google-chrome /usr/bin/google-chrome-stable 200
update-alternatives 2018-01-08 00:47:45: run with --install /usr/bin/gnome-www-browser gnome-www-browser /usr/bin/firefox 40
update-alternatives 2018-01-08 00:47:45: run with --install /usr/bin/x-www-browser x-www-browser /usr/bin/firefox 40
update-alternatives 2018-01-08 00:47:45: run with --install /usr/bin/php php /usr/bin/hhvm 10
update-alternatives 2018-01-08 00:47:45: run with --install /usr/bin/php php /usr/bin/hhvm 10
update-alternatives 2018-01-08 00:47:45: run with --quiet --install /usr/bin/nodejs nodejs /usr/bin/node 50 --slave /usr/share/man/man1/nodejs.1.gz nodejs.1.gz /usr/share/man/man1/node.1.gz
update-alternatives 2018-01-09 12:19:11: run with --set x86_64-linux-gnu_gl_conf /usr/lib/nvidia-384/ld.so.conf
update-alternatives 2018-01-09 12:19:11: link group x86_64-linux-gnu_gl_conf updated to point to /usr/lib/nvidia-384/ld.so.conf
update-alternatives 2018-01-09 12:19:11: run with --set x86_64-linux-gnu_egl_conf /usr/lib/nvidia-384/ld.so.conf
update-alternatives 2018-01-09 12:19:11: link group x86_64-linux-gnu_egl_conf updated to point to /usr/lib/nvidia-384/ld.so.conf
update-alternatives 2018-01-09 12:19:11: run with --set i386-linux-gnu_gl_conf /usr/lib/nvidia-384/alt_ld.so.conf
update-alternatives 2018-01-09 12:19:11: link group i386-linux-gnu_gl_conf updated to point to /usr/lib/nvidia-384/alt_ld.so.conf
update-alternatives 2018-01-09 12:19:12: run with --set i386-linux-gnu_egl_conf /usr/lib/nvidia-384/alt_ld.so.conf
update-alternatives 2018-01-09 12:19:12: link group i386-linux-gnu_egl_conf updated to point to /usr/lib/nvidia-384/alt_ld.so.conf
update-alternatives 2018-01-09 12:25:19: run with --set x86_64-linux-gnu_gl_conf /usr/lib/nvidia-384-prime/ld.so.conf
update-alternatives 2018-01-09 12:25:19: link group x86_64-linux-gnu_gl_conf updated to point to /usr/lib/nvidia-384-prime/ld.so.conf
update-alternatives 2018-01-09 12:25:19: run with --set x86_64-linux-gnu_egl_conf /usr/lib/nvidia-384-prime/ld.so.conf
update-alternatives 2018-01-09 12:25:19: link group x86_64-linux-gnu_egl_conf updated to point to /usr/lib/nvidia-384-prime/ld.so.conf
update-alternatives 2018-01-09 12:25:19: run with --set i386-linux-gnu_gl_conf /usr/lib/nvidia-384-prime/alt_ld.so.conf
update-alternatives 2018-01-09 12:25:19: link group i386-linux-gnu_gl_conf updated to point to /usr/lib/nvidia-384-prime/alt_ld.so.conf
update-alternatives 2018-01-09 12:25:19: run with --set i386-linux-gnu_egl_conf /usr/lib/nvidia-384-prime/alt_ld.so.conf
update-alternatives 2018-01-09 12:25:19: link group i386-linux-gnu_egl_conf updated to point to /usr/lib/nvidia-384-prime/alt_ld.so.conf
update-alternatives 2018-01-27 03:23:13: run with --install /etc/mysql/my.cnf my.cnf /etc/mysql/my.cnf.fallback 100
update-alternatives 2018-01-27 03:33:42: run with --remove editor /usr/bin/code
update-alternatives 2018-01-27 03:33:54: run with --remove php /usr/bin/hhvm
update-alternatives 2018-01-27 03:33:54: run with --remove php /usr/bin/hhvm
update-alternatives 2018-01-27 03:34:45: run with --install /usr/bin/x-www-browser x-www-browser /usr/bin/google-chrome-stable 200
update-alternatives 2018-01-27 03:34:45: run with --install /usr/bin/gnome-www-browser gnome-www-browser /usr/bin/google-chrome-stable 200
update-alternatives 2018-01-27 03:34:45: run with --install /usr/bin/google-chrome google-chrome /usr/bin/google-chrome-stable 200
update-alternatives 2018-01-27 03:34:45: run with --install /etc/mysql/my.cnf my.cnf /etc/mysql/mysql.cnf 200
update-alternatives 2018-01-27 03:35:45: run with --install /usr/bin/ControlPanel ControlPanel /usr/lib/jvm/java-8-oracle/jre/bin/ControlPanel 1081
update-alternatives 2018-01-27 03:35:45: run with --install /usr/bin/java java /usr/lib/jvm/java-8-oracle/jre/bin/java 1081 --slave /usr/share/man/man1/java.1.gz java.1.gz /usr/lib/jvm/java-8-oracle/man/man1/java.1.gz
update-alternatives 2018-01-27 03:35:45: run with --install /usr/bin/javaws javaws /usr/lib/jvm/java-8-oracle/jre/bin/javaws 1081 --slave /usr/share/man/man1/javaws.1.gz javaws.1.gz /usr/lib/jvm/java-8-oracle/man/man1/javaws.1.gz
update-alternatives 2018-01-27 03:35:45: run with --install /usr/bin/jcontrol jcontrol /usr/lib/jvm/java-8-oracle/jre/bin/jcontrol 1081
update-alternatives 2018-01-27 03:35:45: run with --install /usr/bin/jjs jjs /usr/lib/jvm/java-8-oracle/jre/bin/jjs 1081 --slave /usr/share/man/man1/jjs.1.gz jjs.1.gz /usr/lib/jvm/java-8-oracle/man/man1/jjs.1.gz
update-alternatives 2018-01-27 03:35:45: run with --install /usr/bin/keytool keytool /usr/lib/jvm/java-8-oracle/jre/bin/keytool 1081 --slave /usr/share/man/man1/keytool.1.gz keytool.1.gz /usr/lib/jvm/java-8-oracle/man/man1/keytool.1.gz
update-alternatives 2018-01-27 03:35:45: run with --install /usr/bin/orbd orbd /usr/lib/jvm/java-8-oracle/jre/bin/orbd 1081 --slave /usr/share/man/man1/orbd.1.gz orbd.1.gz /usr/lib/jvm/java-8-oracle/man/man1/orbd.1.gz
update-alternatives 2018-01-27 03:35:45: run with --install /usr/bin/pack200 pack200 /usr/lib/jvm/java-8-oracle/jre/bin/pack200 1081 --slave /usr/share/man/man1/pack200.1.gz pack200.1.gz /usr/lib/jvm/java-8-oracle/man/man1/pack200.1.gz
update-alternatives 2018-01-27 03:35:46: run with --install /usr/bin/policytool policytool /usr/lib/jvm/java-8-oracle/jre/bin/policytool 1081 --slave /usr/share/man/man1/policytool.1.gz policytool.1.gz /usr/lib/jvm/java-8-oracle/man/man1/policytool.1.gz
update-alternatives 2018-01-27 03:35:46: run with --install /usr/bin/rmid rmid /usr/lib/jvm/java-8-oracle/jre/bin/rmid 1081 --slave /usr/share/man/man1/rmid.1.gz rmid.1.gz /usr/lib/jvm/java-8-oracle/man/man1/rmid.1.gz
update-alternatives 2018-01-27 03:35:46: run with --install /usr/bin/rmiregistry rmiregistry /usr/lib/jvm/java-8-oracle/jre/bin/rmiregistry 1081 --slave /usr/share/man/man1/rmiregistry.1.gz rmiregistry.1.gz /usr/lib/jvm/java-8-oracle/man/man1/rmiregistry.1.gz
update-alternatives 2018-01-27 03:35:46: run with --install /usr/bin/servertool servertool /usr/lib/jvm/java-8-oracle/jre/bin/servertool 1081 --slave /usr/share/man/man1/servertool.1.gz servertool.1.gz /usr/lib/jvm/java-8-oracle/man/man1/servertool.1.gz
update-alternatives 2018-01-27 03:35:46: run with --install /usr/bin/tnameserv tnameserv /usr/lib/jvm/java-8-oracle/jre/bin/tnameserv 1081 --slave /usr/share/man/man1/tnameserv.1.gz tnameserv.1.gz /usr/lib/jvm/java-8-oracle/man/man1/tnameserv.1.gz
update-alternatives 2018-01-27 03:35:46: run with --install /usr/bin/unpack200 unpack200 /usr/lib/jvm/java-8-oracle/jre/bin/unpack200 1081 --slave /usr/share/man/man1/unpack200.1.gz unpack200.1.gz /usr/lib/jvm/java-8-oracle/man/man1/unpack200.1.gz
update-alternatives 2018-01-27 03:35:46: run with --install /usr/bin/jexec jexec /usr/lib/jvm/java-8-oracle/jre/lib/jexec 1081 --slave /usr/share/binfmts/jar jexec-binfmt /usr/lib/jvm/java-8-oracle/jre/lib/jar.binfmt
update-alternatives 2018-01-27 03:35:46: run with --install /usr/bin/appletviewer appletviewer /usr/lib/jvm/java-8-oracle/bin/appletviewer 1081 --slave /usr/share/man/man1/appletviewer.1.gz appletviewer.1.gz /usr/lib/jvm/java-8-oracle/man/man1/appletviewer.1.gz
update-alternatives 2018-01-27 03:35:46: run with --install /usr/bin/extcheck extcheck /usr/lib/jvm/java-8-oracle/bin/extcheck 1081 --slave /usr/share/man/man1/extcheck.1.gz extcheck.1.gz /usr/lib/jvm/java-8-oracle/man/man1/extcheck.1.gz
update-alternatives 2018-01-27 03:35:46: run with --install /usr/bin/idlj idlj /usr/lib/jvm/java-8-oracle/bin/idlj 1081 --slave /usr/share/man/man1/idlj.1.gz idlj.1.gz /usr/lib/jvm/java-8-oracle/man/man1/idlj.1.gz
update-alternatives 2018-01-27 03:35:46: run with --install /usr/bin/jar jar /usr/lib/jvm/java-8-oracle/bin/jar 1081 --slave /usr/share/man/man1/jar.1.gz jar.1.gz /usr/lib/jvm/java-8-oracle/man/man1/jar.1.gz
update-alternatives 2018-01-27 03:35:46: run with --install /usr/bin/jarsigner jarsigner /usr/lib/jvm/java-8-oracle/bin/jarsigner 1081 --slave /usr/share/man/man1/jarsigner.1.gz jarsigner.1.gz /usr/lib/jvm/java-8-oracle/man/man1/jarsigner.1.gz
update-alternatives 2018-01-27 03:35:46: run with --install /usr/bin/javac javac /usr/lib/jvm/java-8-oracle/bin/javac 1081 --slave /usr/share/man/man1/javac.1.gz javac.1.gz /usr/lib/jvm/java-8-oracle/man/man1/javac.1.gz
update-alternatives 2018-01-27 03:35:46: run with --install /usr/bin/javadoc javadoc /usr/lib/jvm/java-8-oracle/bin/javadoc 1081 --slave /usr/share/man/man1/javadoc.1.gz javadoc.1.gz /usr/lib/jvm/java-8-oracle/man/man1/javadoc.1.gz
update-alternatives 2018-01-27 03:35:46: run with --install /usr/bin/javafxpackager javafxpackager /usr/lib/jvm/java-8-oracle/bin/javafxpackager 1081 --slave /usr/share/man/man1/javafxpackager.1.gz javafxpackager.1.gz /usr/lib/jvm/java-8-oracle/man/man1/javafxpackager.1.gz
update-alternatives 2018-01-27 03:35:46: run with --install /usr/bin/javah javah /usr/lib/jvm/java-8-oracle/bin/javah 1081 --slave /usr/share/man/man1/javah.1.gz javah.1.gz /usr/lib/jvm/java-8-oracle/man/man1/javah.1.gz
update-alternatives 2018-01-27 03:35:46: run with --install /usr/bin/javap javap /usr/lib/jvm/java-8-oracle/bin/javap 1081 --slave /usr/share/man/man1/javap.1.gz javap.1.gz /usr/lib/jvm/java-8-oracle/man/man1/javap.1.gz
update-alternatives 2018-01-27 03:35:46: run with --install /usr/bin/javapackager javapackager /usr/lib/jvm/java-8-oracle/bin/javapackager 1081 --slave /usr/share/man/man1/javapackager.1.gz javapackager.1.gz /usr/lib/jvm/java-8-oracle/man/man1/javapackager.1.gz
update-alternatives 2018-01-27 03:35:46: run with --install /usr/bin/jcmd jcmd /usr/lib/jvm/java-8-oracle/bin/jcmd 1081 --slave /usr/share/man/man1/jcmd.1.gz jcmd.1.gz /usr/lib/jvm/java-8-oracle/man/man1/jcmd.1.gz
update-alternatives 2018-01-27 03:35:46: run with --install /usr/bin/jconsole jconsole /usr/lib/jvm/java-8-oracle/bin/jconsole 1081 --slave /usr/share/man/man1/jconsole.1.gz jconsole.1.gz /usr/lib/jvm/java-8-oracle/man/man1/jconsole.1.gz
update-alternatives 2018-01-27 03:35:46: run with --install /usr/bin/jdb jdb /usr/lib/jvm/java-8-oracle/bin/jdb 1081 --slave /usr/share/man/man1/jdb.1.gz jdb.1.gz /usr/lib/jvm/java-8-oracle/man/man1/jdb.1.gz
update-alternatives 2018-01-27 03:35:46: run with --install /usr/bin/jdeps jdeps /usr/lib/jvm/java-8-oracle/bin/jdeps 1081 --slave /usr/share/man/man1/jdeps.1.gz jdeps.1.gz /usr/lib/jvm/java-8-oracle/man/man1/jdeps.1.gz
update-alternatives 2018-01-27 03:35:46: run with --install /usr/bin/jhat jhat /usr/lib/jvm/java-8-oracle/bin/jhat 1081 --slave /usr/share/man/man1/jhat.1.gz jhat.1.gz /usr/lib/jvm/java-8-oracle/man/man1/jhat.1.gz
update-alternatives 2018-01-27 03:35:46: run with --install /usr/bin/jinfo jinfo /usr/lib/jvm/java-8-oracle/bin/jinfo 1081 --slave /usr/share/man/man1/jinfo.1.gz jinfo.1.gz /usr/lib/jvm/java-8-oracle/man/man1/jinfo.1.gz
update-alternatives 2018-01-27 03:35:46: run with --install /usr/bin/jmap jmap /usr/lib/jvm/java-8-oracle/bin/jmap 1081 --slave /usr/share/man/man1/jmap.1.gz jmap.1.gz /usr/lib/jvm/java-8-oracle/man/man1/jmap.1.gz
update-alternatives 2018-01-27 03:35:46: run with --install /usr/bin/jmc jmc /usr/lib/jvm/java-8-oracle/bin/jmc 1081 --slave /usr/share/man/man1/jmc.1.gz jmc.1.gz /usr/lib/jvm/java-8-oracle/man/man1/jmc.1.gz
update-alternatives 2018-01-27 03:35:46: run with --install /usr/bin/jps jps /usr/lib/jvm/java-8-oracle/bin/jps 1081 --slave /usr/share/man/man1/jps.1.gz jps.1.gz /usr/lib/jvm/java-8-oracle/man/man1/jps.1.gz
update-alternatives 2018-01-27 03:35:46: run with --install /usr/bin/jrunscript jrunscript /usr/lib/jvm/java-8-oracle/bin/jrunscript 1081 --slave /usr/share/man/man1/jrunscript.1.gz jrunscript.1.gz /usr/lib/jvm/java-8-oracle/man/man1/jrunscript.1.gz
update-alternatives 2018-01-27 03:35:46: run with --install /usr/bin/jsadebugd jsadebugd /usr/lib/jvm/java-8-oracle/bin/jsadebugd 1081 --slave /usr/share/man/man1/jsadebugd.1.gz jsadebugd.1.gz /usr/lib/jvm/java-8-oracle/man/man1/jsadebugd.1.gz
update-alternatives 2018-01-27 03:35:46: run with --install /usr/bin/jstack jstack /usr/lib/jvm/java-8-oracle/bin/jstack 1081 --slave /usr/share/man/man1/jstack.1.gz jstack.1.gz /usr/lib/jvm/java-8-oracle/man/man1/jstack.1.gz
update-alternatives 2018-01-27 03:35:46: run with --install /usr/bin/jstat jstat /usr/lib/jvm/java-8-oracle/bin/jstat 1081 --slave /usr/share/man/man1/jstat.1.gz jstat.1.gz /usr/lib/jvm/java-8-oracle/man/man1/jstat.1.gz
update-alternatives 2018-01-27 03:35:46: run with --install /usr/bin/jstatd jstatd /usr/lib/jvm/java-8-oracle/bin/jstatd 1081 --slave /usr/share/man/man1/jstatd.1.gz jstatd.1.gz /usr/lib/jvm/java-8-oracle/man/man1/jstatd.1.gz
update-alternatives 2018-01-27 03:35:46: run with --install /usr/bin/jvisualvm jvisualvm /usr/lib/jvm/java-8-oracle/bin/jvisualvm 1081 --slave /usr/share/man/man1/jvisualvm.1.gz jvisualvm.1.gz /usr/lib/jvm/java-8-oracle/man/man1/jvisualvm.1.gz
update-alternatives 2018-01-27 03:35:46: run with --install /usr/bin/native2ascii native2ascii /usr/lib/jvm/java-8-oracle/bin/native2ascii 1081 --slave /usr/share/man/man1/native2ascii.1.gz native2ascii.1.gz /usr/lib/jvm/java-8-oracle/man/man1/native2ascii.1.gz
update-alternatives 2018-01-27 03:35:46: run with --install /usr/bin/rmic rmic /usr/lib/jvm/java-8-oracle/bin/rmic 1081 --slave /usr/share/man/man1/rmic.1.gz rmic.1.gz /usr/lib/jvm/java-8-oracle/man/man1/rmic.1.gz
update-alternatives 2018-01-27 03:35:46: run with --install /usr/bin/schemagen schemagen /usr/lib/jvm/java-8-oracle/bin/schemagen 1081 --slave /usr/share/man/man1/schemagen.1.gz schemagen.1.gz /usr/lib/jvm/java-8-oracle/man/man1/schemagen.1.gz
update-alternatives 2018-01-27 03:35:46: run with --install /usr/bin/serialver serialver /usr/lib/jvm/java-8-oracle/bin/serialver 1081 --slave /usr/share/man/man1/serialver.1.gz serialver.1.gz /usr/lib/jvm/java-8-oracle/man/man1/serialver.1.gz
update-alternatives 2018-01-27 03:35:46: run with --install /usr/bin/wsgen wsgen /usr/lib/jvm/java-8-oracle/bin/wsgen 1081 --slave /usr/share/man/man1/wsgen.1.gz wsgen.1.gz /usr/lib/jvm/java-8-oracle/man/man1/wsgen.1.gz
update-alternatives 2018-01-27 03:35:46: run with --install /usr/bin/wsimport wsimport /usr/lib/jvm/java-8-oracle/bin/wsimport 1081 --slave /usr/share/man/man1/wsimport.1.gz wsimport.1.gz /usr/lib/jvm/java-8-oracle/man/man1/wsimport.1.gz
update-alternatives 2018-01-27 03:35:46: run with --install /usr/bin/xjc xjc /usr/lib/jvm/java-8-oracle/bin/xjc 1081 --slave /usr/share/man/man1/xjc.1.gz xjc.1.gz /usr/lib/jvm/java-8-oracle/man/man1/xjc.1.gz
update-alternatives 2018-01-27 03:35:46: run with --install /usr/lib/mozilla/plugins/libjavaplugin.so mozilla-javaplugin.so /usr/lib/jvm/java-8-oracle/jre/lib/amd64/libnpjp2.so 1081
update-alternatives 2018-01-27 03:36:57: run with --install /usr/bin/appletviewer appletviewer /usr/lib/jvm/java-9-oracle/bin/appletviewer 1091
update-alternatives 2018-01-27 03:36:57: run with --install /usr/bin/idlj idlj /usr/lib/jvm/java-9-oracle/bin/idlj 1091
update-alternatives 2018-01-27 03:36:57: run with --install /usr/bin/jaotc jaotc /usr/lib/jvm/java-9-oracle/bin/jaotc 1091
update-alternatives 2018-01-27 03:36:57: run with --install /usr/bin/jar jar /usr/lib/jvm/java-9-oracle/bin/jar 1091
update-alternatives 2018-01-27 03:36:57: run with --install /usr/bin/jarsigner jarsigner /usr/lib/jvm/java-9-oracle/bin/jarsigner 1091
update-alternatives 2018-01-27 03:36:57: run with --install /usr/bin/java java /usr/lib/jvm/java-9-oracle/bin/java 1091
update-alternatives 2018-01-27 03:36:57: run with --install /usr/bin/javac javac /usr/lib/jvm/java-9-oracle/bin/javac 1091
update-alternatives 2018-01-27 03:36:57: run with --install /usr/bin/javadoc javadoc /usr/lib/jvm/java-9-oracle/bin/javadoc 1091
update-alternatives 2018-01-27 03:36:57: run with --install /usr/bin/javah javah /usr/lib/jvm/java-9-oracle/bin/javah 1091
update-alternatives 2018-01-27 03:36:57: run with --install /usr/bin/javap javap /usr/lib/jvm/java-9-oracle/bin/javap 1091
update-alternatives 2018-01-27 03:36:57: run with --install /usr/bin/javapackager javapackager /usr/lib/jvm/java-9-oracle/bin/javapackager 1091
update-alternatives 2018-01-27 03:36:57: run with --install /usr/bin/javaws javaws /usr/lib/jvm/java-9-oracle/bin/javaws 1091
update-alternatives 2018-01-27 03:36:58: run with --install /usr/bin/jcmd jcmd /usr/lib/jvm/java-9-oracle/bin/jcmd 1091
update-alternatives 2018-01-27 03:36:58: run with --install /usr/bin/jconsole jconsole /usr/lib/jvm/java-9-oracle/bin/jconsole 1091
update-alternatives 2018-01-27 03:36:58: run with --install /usr/bin/jcontrol jcontrol /usr/lib/jvm/java-9-oracle/bin/jcontrol 1091
update-alternatives 2018-01-27 03:36:58: run with --install /usr/bin/jdb jdb /usr/lib/jvm/java-9-oracle/bin/jdb 1091
update-alternatives 2018-01-27 03:36:58: run with --install /usr/bin/jdeprscan jdeprscan /usr/lib/jvm/java-9-oracle/bin/jdeprscan 1091
update-alternatives 2018-01-27 03:36:58: run with --install /usr/bin/jdeps jdeps /usr/lib/jvm/java-9-oracle/bin/jdeps 1091
update-alternatives 2018-01-27 03:36:58: run with --install /usr/bin/jhsdb jhsdb /usr/lib/jvm/java-9-oracle/bin/jhsdb 1091
update-alternatives 2018-01-27 03:36:58: run with --install /usr/bin/jimage jimage /usr/lib/jvm/java-9-oracle/bin/jimage 1091
update-alternatives 2018-01-27 03:36:58: run with --install /usr/bin/jinfo jinfo /usr/lib/jvm/java-9-oracle/bin/jinfo 1091
update-alternatives 2018-01-27 03:36:58: run with --install /usr/bin/jjs jjs /usr/lib/jvm/java-9-oracle/bin/jjs 1091
update-alternatives 2018-01-27 03:36:58: run with --install /usr/bin/jlink jlink /usr/lib/jvm/java-9-oracle/bin/jlink 1091
update-alternatives 2018-01-27 03:36:58: run with --install /usr/bin/jmap jmap /usr/lib/jvm/java-9-oracle/bin/jmap 1091
update-alternatives 2018-01-27 03:36:58: run with --install /usr/bin/jmc jmc /usr/lib/jvm/java-9-oracle/bin/jmc 1091
update-alternatives 2018-01-27 03:36:58: run with --install /usr/bin/jmod jmod /usr/lib/jvm/java-9-oracle/bin/jmod 1091
update-alternatives 2018-01-27 03:36:58: run with --install /usr/bin/jps jps /usr/lib/jvm/java-9-oracle/bin/jps 1091
update-alternatives 2018-01-27 03:36:58: run with --install /usr/bin/jrunscript jrunscript /usr/lib/jvm/java-9-oracle/bin/jrunscript 1091
update-alternatives 2018-01-27 03:36:58: run with --install /usr/bin/jshell jshell /usr/lib/jvm/java-9-oracle/bin/jshell 1091
update-alternatives 2018-01-27 03:36:58: run with --install /usr/bin/jstack jstack /usr/lib/jvm/java-9-oracle/bin/jstack 1091
update-alternatives 2018-01-27 03:36:58: run with --install /usr/bin/jstat jstat /usr/lib/jvm/java-9-oracle/bin/jstat 1091
update-alternatives 2018-01-27 03:36:58: run with --install /usr/bin/jstatd jstatd /usr/lib/jvm/java-9-oracle/bin/jstatd 1091
update-alternatives 2018-01-27 03:36:58: run with --install /usr/bin/jweblauncher jweblauncher /usr/lib/jvm/java-9-oracle/bin/jweblauncher 1091
update-alternatives 2018-01-27 03:36:58: run with --install /usr/bin/keytool keytool /usr/lib/jvm/java-9-oracle/bin/keytool 1091
update-alternatives 2018-01-27 03:36:58: run with --install /usr/bin/orbd orbd /usr/lib/jvm/java-9-oracle/bin/orbd 1091
update-alternatives 2018-01-27 03:36:58: run with --install /usr/bin/pack200 pack200 /usr/lib/jvm/java-9-oracle/bin/pack200 1091
update-alternatives 2018-01-27 03:36:58: run with --install /usr/bin/policytool policytool /usr/lib/jvm/java-9-oracle/bin/policytool 1091
update-alternatives 2018-01-27 03:36:58: run with --install /usr/bin/rmic rmic /usr/lib/jvm/java-9-oracle/bin/rmic 1091
update-alternatives 2018-01-27 03:36:58: run with --install /usr/bin/rmid rmid /usr/lib/jvm/java-9-oracle/bin/rmid 1091
update-alternatives 2018-01-27 03:36:58: run with --install /usr/bin/rmiregistry rmiregistry /usr/lib/jvm/java-9-oracle/bin/rmiregistry 1091
update-alternatives 2018-01-27 03:36:58: run with --install /usr/bin/schemagen schemagen /usr/lib/jvm/java-9-oracle/bin/schemagen 1091
update-alternatives 2018-01-27 03:36:58: run with --install /usr/bin/serialver serialver /usr/lib/jvm/java-9-oracle/bin/serialver 1091
update-alternatives 2018-01-27 03:36:58: run with --install /usr/bin/servertool servertool /usr/lib/jvm/java-9-oracle/bin/servertool 1091
update-alternatives 2018-01-27 03:36:58: run with --install /usr/bin/tnameserv tnameserv /usr/lib/jvm/java-9-oracle/bin/tnameserv 1091
update-alternatives 2018-01-27 03:36:58: run with --install /usr/bin/unpack200 unpack200 /usr/lib/jvm/java-9-oracle/bin/unpack200 1091
update-alternatives 2018-01-27 03:36:58: run with --install /usr/bin/wsgen wsgen /usr/lib/jvm/java-9-oracle/bin/wsgen 1091
update-alternatives 2018-01-27 03:36:58: run with --install /usr/bin/wsimport wsimport /usr/lib/jvm/java-9-oracle/bin/wsimport 1091
update-alternatives 2018-01-27 03:36:58: run with --install /usr/bin/xjc xjc /usr/lib/jvm/java-9-oracle/bin/xjc 1091
update-alternatives 2018-01-27 03:36:58: run with --install /usr/bin/jexec jexec /usr/lib/jvm/java-9-oracle/lib/jexec 1091 --slave /usr/share/binfmts/jar jexec-binfmt /usr/lib/jvm/java-9-oracle/lib/jar.binfmt
update-alternatives 2018-01-27 03:36:58: run with --install /usr/bin/appletviewer appletviewer /usr/lib/jvm/java-9-oracle/bin/appletviewer 1091
update-alternatives 2018-01-27 03:36:58: run with --install /usr/bin/idlj idlj /usr/lib/jvm/java-9-oracle/bin/idlj 1091
update-alternatives 2018-01-27 03:36:58: run with --install /usr/bin/jaotc jaotc /usr/lib/jvm/java-9-oracle/bin/jaotc 1091
update-alternatives 2018-01-27 03:36:58: run with --install /usr/bin/jar jar /usr/lib/jvm/java-9-oracle/bin/jar 1091
update-alternatives 2018-01-27 03:36:58: run with --install /usr/bin/jarsigner jarsigner /usr/lib/jvm/java-9-oracle/bin/jarsigner 1091
update-alternatives 2018-01-27 03:36:58: run with --install /usr/bin/java java /usr/lib/jvm/java-9-oracle/bin/java 1091
update-alternatives 2018-01-27 03:36:58: run with --install /usr/bin/javac javac /usr/lib/jvm/java-9-oracle/bin/javac 1091
update-alternatives 2018-01-27 03:36:58: run with --install /usr/bin/javadoc javadoc /usr/lib/jvm/java-9-oracle/bin/javadoc 1091
update-alternatives 2018-01-27 03:36:58: run with --install /usr/bin/javah javah /usr/lib/jvm/java-9-oracle/bin/javah 1091
update-alternatives 2018-01-27 03:36:58: run with --install /usr/bin/javap javap /usr/lib/jvm/java-9-oracle/bin/javap 1091
update-alternatives 2018-01-27 03:36:58: run with --install /usr/bin/javapackager javapackager /usr/lib/jvm/java-9-oracle/bin/javapackager 1091
update-alternatives 2018-01-27 03:36:58: run with --install /usr/bin/javaws javaws /usr/lib/jvm/java-9-oracle/bin/javaws 1091
update-alternatives 2018-01-27 03:36:58: run with --install /usr/bin/javaws.real javaws.real /usr/lib/jvm/java-9-oracle/bin/javaws.real 1091
update-alternatives 2018-01-27 03:36:58: run with --install /usr/bin/jcmd jcmd /usr/lib/jvm/java-9-oracle/bin/jcmd 1091
update-alternatives 2018-01-27 03:36:58: run with --install /usr/bin/jconsole jconsole /usr/lib/jvm/java-9-oracle/bin/jconsole 1091
update-alternatives 2018-01-27 03:36:58: run with --install /usr/bin/jcontrol jcontrol /usr/lib/jvm/java-9-oracle/bin/jcontrol 1091
update-alternatives 2018-01-27 03:36:58: run with --install /usr/bin/jdb jdb /usr/lib/jvm/java-9-oracle/bin/jdb 1091
update-alternatives 2018-01-27 03:36:58: run with --install /usr/bin/jdeprscan jdeprscan /usr/lib/jvm/java-9-oracle/bin/jdeprscan 1091
update-alternatives 2018-01-27 03:36:58: run with --install /usr/bin/jdeps jdeps /usr/lib/jvm/java-9-oracle/bin/jdeps 1091
update-alternatives 2018-01-27 03:36:58: run with --install /usr/bin/jhsdb jhsdb /usr/lib/jvm/java-9-oracle/bin/jhsdb 1091
update-alternatives 2018-01-27 03:36:58: run with --install /usr/bin/jimage jimage /usr/lib/jvm/java-9-oracle/bin/jimage 1091
update-alternatives 2018-01-27 03:36:58: run with --install /usr/bin/jinfo jinfo /usr/lib/jvm/java-9-oracle/bin/jinfo 1091
update-alternatives 2018-01-27 03:36:58: run with --install /usr/bin/jjs jjs /usr/lib/jvm/java-9-oracle/bin/jjs 1091
update-alternatives 2018-01-27 03:36:58: run with --install /usr/bin/jlink jlink /usr/lib/jvm/java-9-oracle/bin/jlink 1091
update-alternatives 2018-01-27 03:36:58: run with --install /usr/bin/jmap jmap /usr/lib/jvm/java-9-oracle/bin/jmap 1091
update-alternatives 2018-01-27 03:36:58: run with --install /usr/bin/jmc jmc /usr/lib/jvm/java-9-oracle/bin/jmc 1091
update-alternatives 2018-01-27 03:36:58: run with --install /usr/bin/jmod jmod /usr/lib/jvm/java-9-oracle/bin/jmod 1091
update-alternatives 2018-01-27 03:36:58: run with --install /usr/bin/jps jps /usr/lib/jvm/java-9-oracle/bin/jps 1091
update-alternatives 2018-01-27 03:36:58: run with --install /usr/bin/jrunscript jrunscript /usr/lib/jvm/java-9-oracle/bin/jrunscript 1091
update-alternatives 2018-01-27 03:36:58: run with --install /usr/bin/jshell jshell /usr/lib/jvm/java-9-oracle/bin/jshell 1091
update-alternatives 2018-01-27 03:36:58: run with --install /usr/bin/jstack jstack /usr/lib/jvm/java-9-oracle/bin/jstack 1091
update-alternatives 2018-01-27 03:36:58: run with --install /usr/bin/jstat jstat /usr/lib/jvm/java-9-oracle/bin/jstat 1091
update-alternatives 2018-01-27 03:36:58: run with --install /usr/bin/jstatd jstatd /usr/lib/jvm/java-9-oracle/bin/jstatd 1091
update-alternatives 2018-01-27 03:36:58: run with --install /usr/bin/jweblauncher jweblauncher /usr/lib/jvm/java-9-oracle/bin/jweblauncher 1091
update-alternatives 2018-01-27 03:36:58: run with --install /usr/bin/keytool keytool /usr/lib/jvm/java-9-oracle/bin/keytool 1091
update-alternatives 2018-01-27 03:36:58: run with --install /usr/bin/orbd orbd /usr/lib/jvm/java-9-oracle/bin/orbd 1091
update-alternatives 2018-01-27 03:36:58: run with --install /usr/bin/pack200 pack200 /usr/lib/jvm/java-9-oracle/bin/pack200 1091
update-alternatives 2018-01-27 03:36:58: run with --install /usr/bin/policytool policytool /usr/lib/jvm/java-9-oracle/bin/policytool 1091
update-alternatives 2018-01-27 03:36:58: run with --install /usr/bin/rmic rmic /usr/lib/jvm/java-9-oracle/bin/rmic 1091
update-alternatives 2018-01-27 03:36:58: run with --install /usr/bin/rmid rmid /usr/lib/jvm/java-9-oracle/bin/rmid 1091
update-alternatives 2018-01-27 03:36:58: run with --install /usr/bin/rmiregistry rmiregistry /usr/lib/jvm/java-9-oracle/bin/rmiregistry 1091
update-alternatives 2018-01-27 03:36:58: run with --install /usr/bin/schemagen schemagen /usr/lib/jvm/java-9-oracle/bin/schemagen 1091
update-alternatives 2018-01-27 03:36:58: run with --install /usr/bin/serialver serialver /usr/lib/jvm/java-9-oracle/bin/serialver 1091
update-alternatives 2018-01-27 03:36:58: run with --install /usr/bin/servertool servertool /usr/lib/jvm/java-9-oracle/bin/servertool 1091
update-alternatives 2018-01-27 03:36:58: run with --install /usr/bin/tnameserv tnameserv /usr/lib/jvm/java-9-oracle/bin/tnameserv 1091
update-alternatives 2018-01-27 03:36:58: run with --install /usr/bin/unpack200 unpack200 /usr/lib/jvm/java-9-oracle/bin/unpack200 1091
update-alternatives 2018-01-27 03:36:58: run with --install /usr/bin/wsgen wsgen /usr/lib/jvm/java-9-oracle/bin/wsgen 1091
update-alternatives 2018-01-27 03:36:58: run with --install /usr/bin/wsimport wsimport /usr/lib/jvm/java-9-oracle/bin/wsimport 1091
update-alternatives 2018-01-27 03:36:58: run with --install /usr/bin/xjc xjc /usr/lib/jvm/java-9-oracle/bin/xjc 1091
update-alternatives 2018-01-27 03:37:29: run with --install /usr/bin/x-www-browser x-www-browser /usr/bin/vivaldi-stable 200
update-alternatives 2018-01-27 03:37:29: run with --install /usr/bin/gnome-www-browser gnome-www-browser /usr/bin/vivaldi-stable 200
update-alternatives 2018-01-27 03:37:29: run with --install /usr/bin/vivaldi vivaldi /usr/bin/vivaldi-stable 200
update-alternatives 2018-01-27 03:37:30: run with --quiet --remove rlogin /usr/bin/ssh
update-alternatives 2018-01-27 03:37:30: run with --quiet --remove rcp /usr/bin/ssh
update-alternatives 2018-01-27 03:37:30: run with --install /usr/bin/editor editor /usr/bin/code 0
update-alternatives 2018-01-27 03:37:30: run with --install /usr/bin/gnome-www-browser gnome-www-browser /usr/bin/firefox 40
update-alternatives 2018-01-27 03:37:30: run with --install /usr/bin/x-www-browser x-www-browser /usr/bin/firefox 40
update-alternatives 2018-01-27 03:37:30: run with --install /usr/bin/php php /usr/bin/hhvm 10
update-alternatives 2018-01-27 03:37:30: run with --install /usr/bin/php php /usr/bin/hhvm 10
update-alternatives 2018-01-27 03:37:40: run with --install /usr/bin/php php /usr/bin/php7.2 72 --slave /usr/share/man/man1/php.1.gz php.1.gz /usr/share/man/man1/php7.2.1.gz
update-alternatives 2018-01-27 03:37:40: run with --install /usr/bin/phar phar /usr/bin/phar7.2 72 --slave /usr/share/man/man1/phar.1.gz phar.1.gz /usr/share/man/man1/phar7.2.1.gz
update-alternatives 2018-01-27 03:37:40: run with --install /usr/bin/phar.phar phar.phar /usr/bin/phar.phar7.2 72 --slave /usr/share/man/man1/phar.phar.1.gz phar.phar.1.gz /usr/share/man/man1/phar.phar7.2.1.gz
update-alternatives 2018-01-27 03:37:41: run with --install /usr/bin/php-config php-config /usr/bin/php-config7.2 72 --slave /usr/share/man/man1/php-config.1.gz php-config.1.gz /usr/share/man/man1/php-config7.2.1.gz
update-alternatives 2018-01-27 03:37:41: run with --install /usr/bin/phpize phpize /usr/bin/phpize7.2 72 --slave /usr/share/man/man1/phpize.1.gz phpize.1.gz /usr/share/man/man1/phpize7.2.1.gz
update-alternatives 2018-01-27 03:37:45: run with --force --install /etc/ld.so.conf.d/x86_64-linux-gnu_GL.conf x86_64-linux-gnu_gl_conf /usr/lib/nvidia-384/ld.so.conf 8604 --slave /usr/share/man/man1/nvidia-xconfig.1.gz x86_64-linux-gnu_man_nvidiaxconfig.gz /usr/share/man/man1/alt-nvidia-384-xconfig.1.gz --slave /usr/share/man/man1/nvidia-smi.1.gz x86_64-linux-gnu_nvidia-smi.1.gz /usr/share/man/man1/alt-nvidia-384-smi.1.gz --slave /usr/share/man/man1/nvidia-cuda-mps-control.1.gz x86_64-linux-gnu_nvidia-cuda-mps-control.1.gz /usr/share/man/man1/alt-nvidia-384-cuda-mps-control.1.gz --slave /usr/share/man/man1/nvidia-persistenced.1.gz x86_64-linux-gnu_man_persistenced.gz /usr/share/man/man1/alt-nvidia-384-persistenced.1.gz --slave /usr/bin/nvidia-smi x86_64-linux-gnu_nvidia_smi /usr/lib/nvidia-384/bin/nvidia-smi --slave /usr/bin/nvidia-xconfig x86_64-linux-gnu_nvidia_xconfig /usr/lib/nvidia-384/bin/nvidia-xconfig --slave /usr/bin/nvidia-bug-report.sh x86_64-linux-gnu_nvidia_bug_report /usr/lib/nvidia-384/bin/nvidia-bug-report.sh --slave /usr/bin/nvidia-debugdump x86_64-linux-gnu_nvidia-debugdump /usr/lib/nvidia-384/bin/nvidia-debugdump --slave /usr/bin/nvidia-cuda-mps-control x86_64-linux-gnu_nvidia-cuda-mps-control /usr/lib/nvidia-384/bin/nvidia-cuda-mps-control --slave /usr/bin/nvidia-cuda-mps-server x86_64-linux-gnu_nvidia-cuda-mps-server /usr/lib/nvidia-384/bin/nvidia-cuda-mps-server --slave /usr/bin/nvidia-persistenced x86_64-linux-gnu_nvidia_persistenced /usr/lib/nvidia-384/bin/nvidia-persistenced --slave /usr/share/nvidia/nvidia-application-profiles-384.111-rc x86_64-linux-gnu_nvidia_app_profile /usr/share/nvidia-384/nvidia-application-profiles-384.111-rc --slave /usr/share/nvidia/nvidia-application-profiles-384.111-key-documentation x86_64-linux-gnu_nvidia_app_profile_keys /usr/share/nvidia-384/nvidia-application-profiles-384.111-key-documentation --slave /usr/lib/xorg/modules/drivers/nvidia_drv.so x86_64-linux-gnu_nvidia_drv /usr/lib/nvidia-384/xorg/nvidia_drv.so --slave /etc/modprobe.d/nvidia-graphics-drivers.conf x86_64-linux-gnu_nvidia_modconf
update-alternatives 2018-01-27 03:37:45: link group x86_64-linux-gnu_gl_conf updated with changed slaves
update-alternatives 2018-01-27 03:37:45: run with --force --install /etc/ld.so.conf.d/x86_64-linux-gnu_EGL.conf x86_64-linux-gnu_egl_conf /usr/lib/nvidia-384/ld.so.conf 8604
update-alternatives 2018-01-27 03:37:45: run with --force --install /etc/ld.so.conf.d/x86_64-linux-gnu_GL.conf x86_64-linux-gnu_gl_conf /usr/lib/nvidia-384-prime/ld.so.conf 8603 --slave /usr/share/man/man1/nvidia-xconfig.1.gz x86_64-linux-gnu_man_nvidiaxconfig.gz /usr/share/man/man1/alt-nvidia-384-xconfig.1.gz --slave /usr/share/man/man1/nvidia-smi.1.gz x86_64-linux-gnu_nvidia-smi.1.gz /usr/share/man/man1/alt-nvidia-384-smi.1.gz --slave /usr/bin/nvidia-smi x86_64-linux-gnu_nvidia_smi /usr/lib/nvidia-384/bin/nvidia-smi --slave /usr/bin/nvidia-xconfig x86_64-linux-gnu_nvidia_xconfig /usr/lib/nvidia-384/bin/nvidia-xconfig --slave /usr/bin/nvidia-bug-report.sh x86_64-linux-gnu_nvidia_bug_report /usr/lib/nvidia-384/bin/nvidia-bug-report.sh --slave /usr/bin/nvidia-debugdump x86_64-linux-gnu_nvidia-debugdump /usr/lib/nvidia-384/bin/nvidia-debugdump --slave /usr/share/nvidia/nvidia-application-profiles-384.111-rc x86_64-linux-gnu_nvidia_app_profile /usr/share/nvidia-384/nvidia-application-profiles-384.111-rc --slave /usr/share/nvidia/nvidia-application-profiles-384.111-key-documentation x86_64-linux-gnu_nvidia_app_profile_keys /usr/share/nvidia-384/nvidia-application-profiles-384.111-key-documentation --slave /etc/modprobe.d/nvidia-graphics-drivers.conf x86_64-linux-gnu_nvidia_modconf /lib/nvidia-384/modprobe.conf
update-alternatives 2018-01-27 03:37:45: auto-repair link group x86_64-linux-gnu_gl_conf
update-alternatives 2018-01-27 03:37:45: run with --force --install /etc/ld.so.conf.d/x86_64-linux-gnu_EGL.conf x86_64-linux-gnu_egl_conf /usr/lib/nvidia-384-prime/ld.so.conf 8603
update-alternatives 2018-01-27 03:37:45: run with --force --install /etc/ld.so.conf.d/i386-linux-gnu_GL.conf i386-linux-gnu_gl_conf /usr/lib/nvidia-384/alt_ld.so.conf 8604
update-alternatives 2018-01-27 03:37:45: run with --force --install /etc/ld.so.conf.d/i386-linux-gnu_EGL.conf i386-linux-gnu_egl_conf /usr/lib/nvidia-384/alt_ld.so.conf 8604
update-alternatives 2018-01-27 03:37:45: run with --force --install /etc/ld.so.conf.d/i386-linux-gnu_GL.conf i386-linux-gnu_gl_conf /usr/lib/nvidia-384-prime/alt_ld.so.conf 8603
update-alternatives 2018-01-27 03:37:45: run with --force --install /etc/ld.so.conf.d/i386-linux-gnu_EGL.conf i386-linux-gnu_egl_conf /usr/lib/nvidia-384-prime/alt_ld.so.conf 8603
update-alternatives 2018-01-27 03:37:45: run with --force --install /usr/share/X11/xorg.conf.d/glamoregl.conf glamor_conf /usr/share/nvidia-384/glamor.conf 600
update-alternatives 2018-01-27 03:39:41: run with --quiet --install /usr/bin/ssh-askpass ssh-askpass /usr/lib/openssh/gnome-ssh-askpass 30 --slave /usr/share/man/man1/ssh-askpass.1.gz ssh-askpass.1.gz /usr/share/man/man1/gnome-ssh-askpass.1.gz
update-alternatives 2018-01-27 03:56:57: run with --install /usr/bin/traceroute traceroute /usr/bin/traceroute.db 100 --slave /usr/sbin/traceroute traceroute.sbin /usr/bin/traceroute.db --slave /usr/share/man/man1/traceroute.1.gz traceroute.1.gz /usr/share/man/man1/traceroute.db.1.gz
update-alternatives 2018-01-27 03:56:57: link group traceroute updated to point to /usr/bin/traceroute.db
update-alternatives 2018-01-27 03:56:57: run with --install /usr/bin/traceroute6 traceroute6 /usr/bin/traceroute6.db 100 --slave /usr/share/man/man1/traceroute6.1.gz traceroute6.1.gz /usr/share/man/man1/traceroute6.db.1.gz
update-alternatives 2018-01-27 03:56:57: run with --install /usr/bin/lft lft /usr/bin/lft.db 100 --slave /usr/share/man/man1/lft.1.gz lft.1.gz /usr/share/man/man1/lft.db.1.gz
update-alternatives 2018-01-27 03:56:57: link group lft updated to point to /usr/bin/lft.db
update-alternatives 2018-01-27 03:56:57: run with --install /usr/bin/traceproto traceproto /usr/bin/traceproto.db 100 --slave /usr/share/man/man1/traceproto.1.gz traceproto.1.gz /usr/share/man/man1/traceproto.db.1.gz
update-alternatives 2018-01-27 03:56:57: link group traceproto updated to point to /usr/bin/traceproto.db
update-alternatives 2018-01-27 03:56:57: run with --install /usr/sbin/tcptraceroute tcptraceroute /usr/sbin/tcptraceroute.db 100 --slave /usr/share/man/man8/tcptraceroute.8.gz tcptraceroute.8.gz /usr/share/man/man8/tcptraceroute.db.8.gz
update-alternatives 2018-01-27 03:56:57: link group tcptraceroute updated to point to /usr/sbin/tcptraceroute.db
update-alternatives 2018-01-31 01:18:24: run with --remove php /usr/bin/hhvm
update-alternatives 2018-01-31 01:18:24: run with --remove php /usr/bin/hhvm
update-alternatives 2018-01-31 01:18:25: run with --install /usr/bin/php php /usr/bin/hhvm 10
update-alternatives 2018-01-31 01:18:25: run with --install /usr/bin/php php /usr/bin/hhvm 10
